<?xml version="1.0" encoding="UTF-8"?>
<robot generator="Robot 7.4.2 (Python 3.14.4 on linux)" generated="2026-04-29T17:49:50.882695" rpa="false" schemaversion="5">
<suite id="s1" name="Tests" source="/home/petermoon/Documentos/GitHub/ProyectoPruebas2U/Tests">
<suite id="s1-s1" name="Checkboxes" source="/home/petermoon/Documentos/GitHub/ProyectoPruebas2U/Tests/checkboxes.robot">
<test id="s1-s1-t1" name="Seleccionar checkboxes" line="7">
<kw name="Abrir navegador checkboxes" owner="Keywords">
<kw name="Open Browser" owner="SeleniumLibrary">
<msg time="2026-04-29T17:49:50.984161" level="INFO">Opening browser 'Chrome' to base url 'https://the-internet.herokuapp.com/checkboxes'.</msg>
<arg>${URL_CHECKBOXES}</arg>
<arg>${BROWSER}</arg>
<arg>options=add_argument('--incognito')</arg>
<doc>Opens a new browser instance to the optional ``url``.</doc>
<status status="PASS" start="2026-04-29T17:49:50.983975" elapsed="1.427446"/>
</kw>
<status status="PASS" start="2026-04-29T17:49:50.983506" elapsed="1.428240"/>
</kw>
<kw name="Wait Until Element Is Visible" owner="SeleniumLibrary">
<arg>xpath=(//form[@id="checkboxes"]/input)[1]</arg>
<doc>Waits until the element ``locator`` is visible.</doc>
<status status="PASS" start="2026-04-29T17:49:52.412172" elapsed="0.014991"/>
</kw>
<kw name="Select Checkbox" owner="SeleniumLibrary">
<msg time="2026-04-29T17:49:52.427543" level="INFO">Selecting checkbox 'xpath=(//form[@id="checkboxes"]/input)[1]'.</msg>
<arg>xpath=(//form[@id="checkboxes"]/input)[1]</arg>
<doc>Selects the checkbox identified by ``locator``.</doc>
<status status="PASS" start="2026-04-29T17:49:52.427354" elapsed="0.048271"/>
</kw>
<kw name="Checkbox Should Be Selected" owner="SeleniumLibrary">
<msg time="2026-04-29T17:49:52.476084" level="INFO">Verifying checkbox 'xpath=(//form[@id="checkboxes"]/input)[1]' is selected.</msg>
<arg>xpath=(//form[@id="checkboxes"]/input)[1]</arg>
<doc>Verifies checkbox ``locator`` is selected/checked.</doc>
<status status="PASS" start="2026-04-29T17:49:52.475879" elapsed="0.011483"/>
</kw>
<kw name="Select Checkbox" owner="SeleniumLibrary">
<msg time="2026-04-29T17:49:52.487682" level="INFO">Selecting checkbox 'xpath=(//form[@id="checkboxes"]/input)[2]'.</msg>
<arg>xpath=(//form[@id="checkboxes"]/input)[2]</arg>
<doc>Selects the checkbox identified by ``locator``.</doc>
<status status="PASS" start="2026-04-29T17:49:52.487525" elapsed="0.013505"/>
</kw>
<kw name="Checkbox Should Be Selected" owner="SeleniumLibrary">
<msg time="2026-04-29T17:49:52.501415" level="INFO">Verifying checkbox 'xpath=(//form[@id="checkboxes"]/input)[2]' is selected.</msg>
<arg>xpath=(//form[@id="checkboxes"]/input)[2]</arg>
<doc>Verifies checkbox ``locator`` is selected/checked.</doc>
<status status="PASS" start="2026-04-29T17:49:52.501233" elapsed="0.011482"/>
</kw>
<status status="PASS" start="2026-04-29T17:49:50.983117" elapsed="1.529893"/>
</test>
<status status="PASS" start="2026-04-29T17:49:50.909189" elapsed="1.604259"/>
</suite>
<suite id="s1-s2" name="Context Menu" source="/home/petermoon/Documentos/GitHub/ProyectoPruebas2U/Tests/context_menu.robot">
<test id="s1-s2-t1" name="TC01 Validar alerta de context menu" line="7">
<kw name="Abrir navegador context menu" owner="Keywords">
<kw name="Open Browser" owner="SeleniumLibrary">
<msg time="2026-04-29T17:49:52.516949" level="INFO">Opening browser 'Chrome' to base url 'https://the-internet.herokuapp.com/context_menu'.</msg>
<arg>${URL_CONTEXT_MENU}</arg>
<arg>${BROWSER}</arg>
<arg>options=add_argument('--incognito')</arg>
<doc>Opens a new browser instance to the optional ``url``.</doc>
<status status="PASS" start="2026-04-29T17:49:52.516761" elapsed="1.260066"/>
</kw>
<status status="PASS" start="2026-04-29T17:49:52.516554" elapsed="1.260390"/>
</kw>
<kw name="Wait Until Element Is Visible" owner="SeleniumLibrary">
<arg>css=#hot-spot</arg>
<doc>Waits until the element ``locator`` is visible.</doc>
<status status="PASS" start="2026-04-29T17:49:53.777102" elapsed="0.012622"/>
</kw>
<kw name="Open Context Menu" owner="SeleniumLibrary">
<arg>css=#hot-spot</arg>
<doc>Opens the context menu on the element identified by ``locator``.</doc>
<status status="PASS" start="2026-04-29T17:49:53.789925" elapsed="0.268590"/>
</kw>
<kw name="Obtener texto de alerta sin cerrarla" owner="Keywords">
<kw name="Handle Alert" owner="SeleniumLibrary">
<msg time="2026-04-29T17:49:54.059121" level="INFO">HANDLE::&lt;class 'NoneType'&gt;::None</msg>
<msg time="2026-04-29T17:49:54.062605" level="INFO">${texto_alerta} = You selected a context menu</msg>
<var>${texto_alerta}</var>
<arg>LEAVE</arg>
<doc>Handles the current alert and returns its message.</doc>
<status status="PASS" start="2026-04-29T17:49:54.059015" elapsed="0.003624"/>
</kw>
<return>
<value>${texto_alerta}</value>
<status status="PASS" start="2026-04-29T17:49:54.062717" elapsed="0.000153"/>
</return>
<msg time="2026-04-29T17:49:54.063040" level="INFO">${texto_alerta} = You selected a context menu</msg>
<var>${texto_alerta}</var>
<status status="PASS" start="2026-04-29T17:49:54.058795" elapsed="0.004274"/>
</kw>
<kw name="Should Be Equal As Strings" owner="BuiltIn">
<arg>${texto_alerta}</arg>
<arg>${TEXTO_ALERTA_CONTEXT_MENU}</arg>
<doc>Fails if objects are unequal after converting them to strings.</doc>
<status status="PASS" start="2026-04-29T17:49:54.063198" elapsed="0.000358"/>
</kw>
<kw name="Aceptar alerta" owner="Keywords">
<kw name="Handle Alert" owner="SeleniumLibrary">
<msg time="2026-04-29T17:49:54.063976" level="INFO">HANDLE::&lt;class 'NoneType'&gt;::None</msg>
<arg>ACCEPT</arg>
<doc>Handles the current alert and returns its message.</doc>
<status status="PASS" start="2026-04-29T17:49:54.063899" elapsed="0.005428"/>
</kw>
<status status="PASS" start="2026-04-29T17:49:54.063708" elapsed="0.005696"/>
</kw>
<kw name="Validar que no exista una alerta" owner="Keywords">
<kw name="Alert Should Not Be Present" owner="SeleniumLibrary">
<doc>Verifies that no alert is present.</doc>
<status status="PASS" start="2026-04-29T17:49:54.069780" elapsed="5.029881"/>
</kw>
<status status="PASS" start="2026-04-29T17:49:54.069559" elapsed="5.030221"/>
</kw>
<kw name="Close Browser" owner="SeleniumLibrary">
<doc>Closes the current browser.</doc>
<status status="PASS" start="2026-04-29T17:49:59.099947" elapsed="0.054951"/>
</kw>
<status status="PASS" start="2026-04-29T17:49:52.516235" elapsed="6.638910"/>
</test>
<status status="PASS" start="2026-04-29T17:49:52.513887" elapsed="6.641531"/>
</suite>
<suite id="s1-s3" name="Key Presses" source="/home/petermoon/Documentos/GitHub/ProyectoPruebas2U/Tests/key_presses.robot">
<test id="s1-s3-t1" name="TC01 Presionar tecla ESC" line="7">
<kw name="Abrir navegador key presses" owner="Keywords">
<kw name="Open Browser" owner="SeleniumLibrary">
<msg time="2026-04-29T17:49:59.158350" level="INFO">Opening browser 'Chrome' to base url 'https://the-internet.herokuapp.com/key_presses'.</msg>
<arg>${URL_KEY_PRESSES}</arg>
<arg>${BROWSER}</arg>
<arg>options=add_argument('--incognito')</arg>
<doc>Opens a new browser instance to the optional ``url``.</doc>
<status status="PASS" start="2026-04-29T17:49:59.158162" elapsed="1.658111"/>
</kw>
<status status="PASS" start="2026-04-29T17:49:59.157951" elapsed="1.658436"/>
</kw>
<kw name="Click Element" owner="SeleniumLibrary">
<msg time="2026-04-29T17:50:00.816821" level="INFO">Clicking element 'css=input[id="target"]'.</msg>
<arg>css=input[id="target"]</arg>
<doc>Click the element identified by ``locator``.</doc>
<status status="PASS" start="2026-04-29T17:50:00.816559" elapsed="0.045234"/>
</kw>
<kw name="Press Keys" owner="SeleniumLibrary">
<msg time="2026-04-29T17:50:00.862470" level="INFO">Sending key(s) ('ESC',) to page.</msg>
<msg time="2026-04-29T17:50:00.862585" level="INFO">Pressing special key ESCAPE to browser.</msg>
<msg time="2026-04-29T17:50:00.862656" level="INFO">Releasing special key ESCAPE.</msg>
<arg>None</arg>
<arg>ESC</arg>
<doc>Simulates the user pressing key(s) to an element or on the active browser.</doc>
<status status="PASS" start="2026-04-29T17:50:00.862017" elapsed="0.004835"/>
</kw>
<kw name="Wait Until Element Contains" owner="SeleniumLibrary">
<arg>css=p[id="result"]</arg>
<arg>You entered: ESCAPE</arg>
<doc>Waits until the element ``locator`` contains ``text``.</doc>
<status status="PASS" start="2026-04-29T17:50:00.867030" elapsed="0.013042"/>
</kw>
<kw name="Close Browser" owner="SeleniumLibrary">
<doc>Closes the current browser.</doc>
<status status="PASS" start="2026-04-29T17:50:00.880291" elapsed="0.054753"/>
</kw>
<status status="PASS" start="2026-04-29T17:49:59.157661" elapsed="1.777559"/>
</test>
<test id="s1-s3-t2" name="TC02 Presionar tecla Espacio" line="14">
<kw name="Abrir navegador key presses" owner="Keywords">
<kw name="Open Browser" owner="SeleniumLibrary">
<msg time="2026-04-29T17:50:00.936193" level="INFO">Opening browser 'Chrome' to base url 'https://the-internet.herokuapp.com/key_presses'.</msg>
<arg>${URL_KEY_PRESSES}</arg>
<arg>${BROWSER}</arg>
<arg>options=add_argument('--incognito')</arg>
<doc>Opens a new browser instance to the optional ``url``.</doc>
<status status="PASS" start="2026-04-29T17:50:00.935956" elapsed="1.264177"/>
</kw>
<status status="PASS" start="2026-04-29T17:50:00.935695" elapsed="1.264559"/>
</kw>
<kw name="Click Element" owner="SeleniumLibrary">
<msg time="2026-04-29T17:50:02.200630" level="INFO">Clicking element 'css=input[id="target"]'.</msg>
<arg>css=input[id="target"]</arg>
<doc>Click the element identified by ``locator``.</doc>
<status status="PASS" start="2026-04-29T17:50:02.200426" elapsed="0.043216"/>
</kw>
<kw name="Press Keys" owner="SeleniumLibrary">
<msg time="2026-04-29T17:50:02.244243" level="INFO">Sending key(s) ('SPACE',) to page.</msg>
<msg time="2026-04-29T17:50:02.244313" level="INFO">Pressing special key SPACE to browser.</msg>
<msg time="2026-04-29T17:50:02.244351" level="INFO">Releasing special key SPACE.</msg>
<arg>None</arg>
<arg>SPACE</arg>
<doc>Simulates the user pressing key(s) to an element or on the active browser.</doc>
<status status="PASS" start="2026-04-29T17:50:02.243887" elapsed="0.005569"/>
</kw>
<kw name="Wait Until Element Contains" owner="SeleniumLibrary">
<arg>css=p[id="result"]</arg>
<arg>You entered: SPACE</arg>
<doc>Waits until the element ``locator`` contains ``text``.</doc>
<status status="PASS" start="2026-04-29T17:50:02.249736" elapsed="0.014636"/>
</kw>
<kw name="Close Browser" owner="SeleniumLibrary">
<doc>Closes the current browser.</doc>
<status status="PASS" start="2026-04-29T17:50:02.264571" elapsed="0.054602"/>
</kw>
<status status="PASS" start="2026-04-29T17:50:00.935406" elapsed="1.383935"/>
</test>
<status status="PASS" start="2026-04-29T17:49:59.155741" elapsed="3.163811"/>
</suite>
<suite id="s1-s4" name="Login" source="/home/petermoon/Documentos/GitHub/ProyectoPruebas2U/Tests/login.robot">
<test id="s1-s4-t1" name="TC01 Login exitoso y logout" line="7">
<kw name="Abrir navegador login" owner="Keywords">
<kw name="Open Browser" owner="SeleniumLibrary">
<msg time="2026-04-29T17:50:02.322195" level="INFO">Opening browser 'Chrome' to base url 'https://the-internet.herokuapp.com/login'.</msg>
<arg>${URL_LOGIN}</arg>
<arg>${BROWSER}</arg>
<arg>options=add_argument('--incognito')</arg>
<doc>Opens a new browser instance to the optional ``url``.</doc>
<status status="PASS" start="2026-04-29T17:50:02.322018" elapsed="1.574640"/>
</kw>
<status status="PASS" start="2026-04-29T17:50:02.321827" elapsed="1.574938"/>
</kw>
<kw name="Ingresar credenciales" owner="Keywords">
<kw name="Input Text" owner="SeleniumLibrary">
<msg time="2026-04-29T17:50:03.897459" level="INFO">Typing text 'tomsmith' into text field 'css=input[name="username"]'.</msg>
<arg>css=input[name="username"]</arg>
<arg>${usuario}</arg>
<doc>Types the given ``text`` into the text field identified by ``locator``.</doc>
<status status="PASS" start="2026-04-29T17:50:03.897281" elapsed="0.050829"/>
</kw>
<kw name="Input Text" owner="SeleniumLibrary">
<msg time="2026-04-29T17:50:03.948497" level="INFO">Typing text 'SuperSecretPassword!' into text field 'css=input[name="password"]'.</msg>
<arg>css=input[name="password"]</arg>
<arg>${contraseña}</arg>
<doc>Types the given ``text`` into the text field identified by ``locator``.</doc>
<status status="PASS" start="2026-04-29T17:50:03.948269" elapsed="0.042464"/>
</kw>
<arg>${USUARIO_CORRECTO}</arg>
<arg>${CONTRASEÑA_CORRECTA}</arg>
<status status="PASS" start="2026-04-29T17:50:03.896976" elapsed="0.093879"/>
</kw>
<kw name="Click Element" owner="SeleniumLibrary">
<msg time="2026-04-29T17:50:03.991244" level="INFO">Clicking element 'xpath=//i[contains(text(),"Login")]'.</msg>
<arg>xpath=//i[contains(text(),"Login")]</arg>
<doc>Click the element identified by ``locator``.</doc>
<status status="PASS" start="2026-04-29T17:50:03.991040" elapsed="0.037437"/>
</kw>
<kw name="Wait Until Page Contains" owner="SeleniumLibrary">
<arg>You logged into a secure area!</arg>
<doc>Waits until ``text`` appears on the current page.</doc>
<status status="PASS" start="2026-04-29T17:50:04.028686" elapsed="0.399019"/>
</kw>
<kw name="Click Element" owner="SeleniumLibrary">
<msg time="2026-04-29T17:50:04.428092" level="INFO">Clicking element 'xpath=//i[contains(text(),"Logout")]'.</msg>
<arg>xpath=//i[contains(text(),"Logout")]</arg>
<doc>Click the element identified by ``locator``.</doc>
<status status="PASS" start="2026-04-29T17:50:04.427906" elapsed="0.210322"/>
</kw>
<kw name="Wait Until Page Contains" owner="SeleniumLibrary">
<arg>Login Page</arg>
<doc>Waits until ``text`` appears on the current page.</doc>
<status status="PASS" start="2026-04-29T17:50:04.638416" elapsed="0.006211"/>
</kw>
<kw name="Close Browser" owner="SeleniumLibrary">
<doc>Closes the current browser.</doc>
<status status="PASS" start="2026-04-29T17:50:04.644786" elapsed="0.054653"/>
</kw>
<status status="PASS" start="2026-04-29T17:50:02.321557" elapsed="2.378055"/>
</test>
<test id="s1-s4-t2" name="TC02 Login fallido usuario invalido" line="16">
<kw name="Abrir navegador login" owner="Keywords">
<kw name="Open Browser" owner="SeleniumLibrary">
<msg time="2026-04-29T17:50:04.700632" level="INFO">Opening browser 'Chrome' to base url 'https://the-internet.herokuapp.com/login'.</msg>
<arg>${URL_LOGIN}</arg>
<arg>${BROWSER}</arg>
<arg>options=add_argument('--incognito')</arg>
<doc>Opens a new browser instance to the optional ``url``.</doc>
<status status="PASS" start="2026-04-29T17:50:04.700415" elapsed="1.764522"/>
</kw>
<status status="PASS" start="2026-04-29T17:50:04.700172" elapsed="1.764922"/>
</kw>
<kw name="Ingresar credenciales" owner="Keywords">
<kw name="Input Text" owner="SeleniumLibrary">
<msg time="2026-04-29T17:50:06.465977" level="INFO">Typing text 'tomsmith1' into text field 'css=input[name="username"]'.</msg>
<arg>css=input[name="username"]</arg>
<arg>${usuario}</arg>
<doc>Types the given ``text`` into the text field identified by ``locator``.</doc>
<status status="PASS" start="2026-04-29T17:50:06.465796" elapsed="0.053183"/>
</kw>
<kw name="Input Text" owner="SeleniumLibrary">
<msg time="2026-04-29T17:50:06.519354" level="INFO">Typing text 'SuperSecretPassword!' into text field 'css=input[name="password"]'.</msg>
<arg>css=input[name="password"]</arg>
<arg>${contraseña}</arg>
<doc>Types the given ``text`` into the text field identified by ``locator``.</doc>
<status status="PASS" start="2026-04-29T17:50:06.519137" elapsed="0.040623"/>
</kw>
<arg>${USUARIO_INCORRECTO}</arg>
<arg>${CONTRASEÑA_CORRECTA}</arg>
<status status="PASS" start="2026-04-29T17:50:06.465411" elapsed="0.094464"/>
</kw>
<kw name="Click Element" owner="SeleniumLibrary">
<msg time="2026-04-29T17:50:06.560238" level="INFO">Clicking element 'xpath=//i[contains(text(),"Login")]'.</msg>
<arg>xpath=//i[contains(text(),"Login")]</arg>
<doc>Click the element identified by ``locator``.</doc>
<status status="PASS" start="2026-04-29T17:50:06.560046" elapsed="0.251989"/>
</kw>
<kw name="Wait Until Page Contains" owner="SeleniumLibrary">
<arg>Your username is invalid!</arg>
<doc>Waits until ``text`` appears on the current page.</doc>
<status status="PASS" start="2026-04-29T17:50:06.812259" elapsed="0.026526"/>
</kw>
<kw name="Close Browser" owner="SeleniumLibrary">
<doc>Closes the current browser.</doc>
<status status="PASS" start="2026-04-29T17:50:06.838996" elapsed="0.055056"/>
</kw>
<status status="PASS" start="2026-04-29T17:50:04.699803" elapsed="2.194461"/>
</test>
<test id="s1-s4-t3" name="TC03 Login fallido contraseña invalida" line="23">
<kw name="Abrir navegador login" owner="Keywords">
<kw name="Open Browser" owner="SeleniumLibrary">
<msg time="2026-04-29T17:50:06.895192" level="INFO">Opening browser 'Chrome' to base url 'https://the-internet.herokuapp.com/login'.</msg>
<arg>${URL_LOGIN}</arg>
<arg>${BROWSER}</arg>
<arg>options=add_argument('--incognito')</arg>
<doc>Opens a new browser instance to the optional ``url``.</doc>
<status status="PASS" start="2026-04-29T17:50:06.895010" elapsed="1.474627"/>
</kw>
<status status="PASS" start="2026-04-29T17:50:06.894784" elapsed="1.474973"/>
</kw>
<kw name="Ingresar credenciales" owner="Keywords">
<kw name="Input Text" owner="SeleniumLibrary">
<msg time="2026-04-29T17:50:08.370595" level="INFO">Typing text 'tomsmith' into text field 'css=input[name="username"]'.</msg>
<arg>css=input[name="username"]</arg>
<arg>${usuario}</arg>
<doc>Types the given ``text`` into the text field identified by ``locator``.</doc>
<status status="PASS" start="2026-04-29T17:50:08.370403" elapsed="0.052613"/>
</kw>
<kw name="Input Text" owner="SeleniumLibrary">
<msg time="2026-04-29T17:50:08.423446" level="INFO">Typing text 'SuperS1ecretPassword!' into text field 'css=input[name="password"]'.</msg>
<arg>css=input[name="password"]</arg>
<arg>${contraseña}</arg>
<doc>Types the given ``text`` into the text field identified by ``locator``.</doc>
<status status="PASS" start="2026-04-29T17:50:08.423190" elapsed="0.040732"/>
</kw>
<arg>${USUARIO_CORRECTO}</arg>
<arg>${CONTRASEÑA_INCORRECTA}</arg>
<status status="PASS" start="2026-04-29T17:50:08.370059" elapsed="0.093978"/>
</kw>
<kw name="Click Element" owner="SeleniumLibrary">
<msg time="2026-04-29T17:50:08.464400" level="INFO">Clicking element 'xpath=//i[contains(text(),"Login")]'.</msg>
<arg>xpath=//i[contains(text(),"Login")]</arg>
<doc>Click the element identified by ``locator``.</doc>
<status status="PASS" start="2026-04-29T17:50:08.464208" elapsed="0.038123"/>
</kw>
<kw name="Wait Until Page Contains" owner="SeleniumLibrary">
<arg>Your password is invalid!</arg>
<doc>Waits until ``text`` appears on the current page.</doc>
<status status="PASS" start="2026-04-29T17:50:08.502568" elapsed="0.197444"/>
</kw>
<kw name="Close Browser" owner="SeleniumLibrary">
<doc>Closes the current browser.</doc>
<status status="PASS" start="2026-04-29T17:50:08.700220" elapsed="0.054995"/>
</kw>
<status status="PASS" start="2026-04-29T17:50:06.894452" elapsed="1.860941"/>
</test>
<status status="PASS" start="2026-04-29T17:50:02.319844" elapsed="6.435782"/>
</suite>
<status status="PASS" start="2026-04-29T17:49:50.883302" elapsed="17.872704"/>
</suite>
<statistics>
<total>
<stat pass="7" fail="0" skip="0">All Tests</stat>
</total>
<tag>
</tag>
<suite>
<stat name="Tests" id="s1" pass="7" fail="0" skip="0">Tests</stat>
<stat name="Checkboxes" id="s1-s1" pass="1" fail="0" skip="0">Tests.Checkboxes</stat>
<stat name="Context Menu" id="s1-s2" pass="1" fail="0" skip="0">Tests.Context Menu</stat>
<stat name="Key Presses" id="s1-s3" pass="2" fail="0" skip="0">Tests.Key Presses</stat>
<stat name="Login" id="s1-s4" pass="3" fail="0" skip="0">Tests.Login</stat>
</suite>
</statistics>
<errors>
</errors>
</robot>
